<?xml version="1.0" encoding="UTF-8"?>
<!-- Generated by org.testng.reporters.JUnitReportReporter -->
<testsuite hostname="DESKTOP-CRCM71H" failures="0" tests="1" name="programs.CombinationOfTwoNumbers" time="0.015" errors="0" timestamp="2024-02-11T16:10:51 IST" skipped="0">
  <testcase classname="programs.CombinationOfTwoNumbers" name="twonum" time="0.015"/>
  <system-out/>
</testsuite> <!-- programs.CombinationOfTwoNumbers -->
