<?xml version="1.0" encoding="UTF-8"?>
<!-- Generated by org.testng.reporters.JUnitReportReporter -->
<testsuite hostname="DESKTOP-CRCM71H" failures="0" tests="2" name="programs.Palindrome" time="0.016" errors="0" timestamp="2024-02-08T09:57:45 IST" skipped="0">
  <testcase classname="programs.Palindrome" name="pal" time="0.012"/>
  <system-out/>
  <testcase classname="programs.Palindrome" name="palindrome2" time="0.004"/>
  <system-out/>
</testsuite> <!-- programs.Palindrome -->
