<?xml version="1.0" encoding="UTF-8"?>
<!-- Generated by org.testng.reporters.JUnitReportReporter -->
<testsuite hostname="DESKTOP-CRCM71H" failures="0" tests="3" name="programs.Frequency1" time="0.020" errors="0" timestamp="2024-02-10T23:59:42 IST" skipped="0">
  <testcase classname="programs.Frequency1" name="reverse1" time="0.005"/>
  <system-out/>
  <testcase classname="programs.Frequency1" name="frequency" time="0.011"/>
  <system-out/>
  <testcase classname="programs.Frequency1" name="reverse2" time="0.004"/>
  <system-out/>
</testsuite> <!-- programs.Frequency1 -->
