<?xml version="1.0" encoding="UTF-8"?>
<!-- Generated by org.testng.reporters.JUnitReportReporter -->
<testsuite hostname="DESKTOP-CRCM71H" failures="0" tests="2" name="programs.Prime" time="0.017" errors="0" timestamp="2024-02-11T14:26:34 IST" skipped="0">
  <testcase classname="programs.Prime" name="prime" time="0.013"/>
  <system-out/>
  <testcase classname="programs.Prime" name="prime2" time="0.004"/>
  <system-out/>
</testsuite> <!-- programs.Prime -->
