<?xml version="1.0" encoding="UTF-8"?>
<!-- Generated by org.testng.reporters.JUnitReportReporter -->
<testsuite hostname="DESKTOP-CRCM71H" failures="0" tests="4" name="programs.Reverse2" time="0.021" errors="0" timestamp="2024-02-11T01:56:23 IST" skipped="0">
  <testcase classname="programs.Reverse2" name="addZero" time="0.014"/>
  <system-out/>
  <testcase classname="programs.Reverse2" name="program" time="0.002"/>
  <system-out/>
  <testcase classname="programs.Reverse2" name="removeDuplicate" time="0.003"/>
  <system-out/>
  <testcase classname="programs.Reverse2" name="swap" time="0.002"/>
  <system-out/>
</testsuite> <!-- programs.Reverse2 -->
