<?xml version="1.0" encoding="UTF-8"?>
<!-- Generated by org.testng.reporters.JUnitReportReporter -->
<testsuite hostname="DESKTOP-CRCM71H" failures="0" tests="1" name="programs.SortArrayinDescendingOrder" time="0.012" errors="0" timestamp="2024-02-06T16:06:29 IST" skipped="0">
  <testcase classname="programs.SortArrayinDescendingOrder" name="sort" time="0.012"/>
  <system-out/>
</testsuite> <!-- programs.SortArrayinDescendingOrder -->
