<?xml version="1.0" encoding="UTF-8"?>
<!-- Generated by org.testng.reporters.JUnitReportReporter -->
<testsuite hostname="DESKTOP-CRCM71H" failures="0" tests="5" name="programs.Pattern1" time="0.045" errors="0" timestamp="2024-02-11T23:42:51 IST" skipped="0">
  <testcase classname="programs.Pattern1" name="pattern8" time="0.004"/>
  <system-out/>
  <testcase classname="programs.Pattern1" name="pattern4" time="0.008"/>
  <system-out/>
  <testcase classname="programs.Pattern1" name="pattern" time="0.017"/>
  <system-out/>
  <testcase classname="programs.Pattern1" name="pattern1" time="0.012"/>
  <system-out/>
  <testcase classname="programs.Pattern1" name="pattern7" time="0.004"/>
  <system-out/>
</testsuite> <!-- programs.Pattern1 -->
