<?xml version="1.0" encoding="UTF-8"?>
<!-- Generated by org.testng.reporters.JUnitReportReporter -->
<testsuite hostname="DESKTOP-CRCM71H" failures="0" tests="4" name="programs.DuplicateConcurrent" time="0.020" errors="0" timestamp="2024-02-09T13:28:11 IST" skipped="0">
  <testcase classname="programs.DuplicateConcurrent" name="lengthOfString" time="0.012"/>
  <system-out/>
  <testcase classname="programs.DuplicateConcurrent" name="notDuplicatevowel" time="0.004"/>
  <system-out/>
  <testcase classname="programs.DuplicateConcurrent" name="removeDuplicate" time="0.002"/>
  <system-out/>
  <testcase classname="programs.DuplicateConcurrent" name="removeDuplicate1" time="0.002"/>
  <system-out/>
</testsuite> <!-- programs.DuplicateConcurrent -->
