<?xml version="1.0" encoding="UTF-8"?>
<!-- Generated by org.testng.reporters.JUnitReportReporter -->
<testsuite hostname="DESKTOP-CRCM71H" failures="0" tests="1" name="programs.SumOfFirstThreeMinNum" time="0.024" errors="0" timestamp="2024-02-12T00:07:32 IST" skipped="0">
  <testcase classname="programs.SumOfFirstThreeMinNum" name="sumOfThreeMin" time="0.024"/>
  <system-out/>
</testsuite> <!-- programs.SumOfFirstThreeMinNum -->
