<?xml version="1.0" encoding="UTF-8"?>
<!-- Generated by org.testng.reporters.JUnitReportReporter -->
<testsuite hostname="DESKTOP-CRCM71H" failures="0" tests="1" name="programs.Reverse4" time="0.018" errors="0" timestamp="2024-02-11T15:51:10 IST" skipped="0">
  <testcase classname="programs.Reverse4" name="reverse" time="0.018"/>
  <system-out/>
</testsuite> <!-- programs.Reverse4 -->
