<?xml version="1.0" encoding="UTF-8"?>
<!-- Generated by org.testng.reporters.JUnitReportReporter -->
<testsuite hostname="DESKTOP-CRCM71H" failures="0" tests="1" name="programs.Example1" time="0.013" errors="0" timestamp="2024-02-08T17:30:59 IST" skipped="0">
  <testcase classname="programs.Example1" name="printCount" time="0.013"/>
  <system-out/>
</testsuite> <!-- programs.Example1 -->
