<?xml version="1.0" encoding="UTF-8"?>
<!-- Generated by org.testng.reporters.JUnitReportReporter -->
<testsuite hostname="DESKTOP-CRCM71H" failures="0" tests="3" name="programs.HashmapIntegerArrOccurence" time="0.029" errors="0" timestamp="2024-02-07T18:07:07 IST" skipped="0">
  <testcase classname="programs.HashmapIntegerArrOccurence" name="occurence2" time="0.004"/>
  <system-out/>
  <testcase classname="programs.HashmapIntegerArrOccurence" name="occurence" time="0.019"/>
  <system-out/>
  <testcase classname="programs.HashmapIntegerArrOccurence" name="occurence3" time="0.006"/>
  <system-out/>
</testsuite> <!-- programs.HashmapIntegerArrOccurence -->
