<?xml version="1.0" encoding="UTF-8"?>
<!-- Generated by org.testng.reporters.JUnitReportReporter -->
<testsuite hostname="DESKTOP-CRCM71H" failures="0" tests="1" name="programs.Frequency" time="0.013" errors="0" timestamp="2024-02-07T14:44:26 IST" skipped="0">
  <testcase classname="programs.Frequency" name="frequency" time="0.013"/>
  <system-out/>
</testsuite> <!-- programs.Frequency -->
