<?xml version="1.0" encoding="UTF-8"?>
<!-- Generated by org.testng.reporters.JUnitReportReporter -->
<testsuite hostname="DESKTOP-CRCM71H" failures="0" tests="3" name="programs.Reverse3" time="0.021" errors="0" timestamp="2024-02-11T13:05:42 IST" skipped="0">
  <testcase classname="programs.Reverse3" name="exple4" time="0.002"/>
  <system-out/>
  <testcase classname="programs.Reverse3" name="exmple3" time="0.016"/>
  <system-out/>
  <testcase classname="programs.Reverse3" name="reverse" time="0.003"/>
  <system-out/>
</testsuite> <!-- programs.Reverse3 -->
