<?xml version="1.0" encoding="UTF-8"?>
<!-- Generated by org.testng.reporters.JUnitReportReporter -->
<testsuite hostname="DESKTOP-CRCM71H" failures="0" tests="1" name="programs.Count" time="0.014" errors="0" timestamp="2024-02-12T09:38:37 IST" skipped="0">
  <testcase classname="programs.Count" name="count" time="0.014"/>
  <system-out/>
</testsuite> <!-- programs.Count -->
