<?xml version="1.0" encoding="UTF-8"?>
<!-- Generated by org.testng.reporters.JUnitReportReporter -->
<testsuite hostname="DESKTOP-CRCM71H" failures="0" tests="1" name="programs.StringRev3" time="0.025" errors="0" timestamp="2024-02-07T11:59:37 IST" skipped="0">
  <testcase classname="programs.StringRev3" name="reverse" time="0.025"/>
  <system-out/>
</testsuite> <!-- programs.StringRev3 -->
