<?xml version="1.0" encoding="UTF-8"?>
<!-- Generated by org.testng.reporters.JUnitReportReporter -->
<testsuite hostname="DESKTOP-CRCM71H" failures="0" tests="3" name="programs.Segregate" time="0.021" errors="0" timestamp="2024-02-08T17:38:50 IST" skipped="0">
  <testcase classname="programs.Segregate" name="sub" time="0.004"/>
  <system-out/>
  <testcase classname="programs.Segregate" name="numMaxLength" time="0.015"/>
  <system-out/>
  <testcase classname="programs.Segregate" name="sub1" time="0.002"/>
  <system-out/>
</testsuite> <!-- programs.Segregate -->
