<?xml version="1.0" encoding="UTF-8"?>
<!-- Generated by org.testng.reporters.JUnitReportReporter -->
<testsuite hostname="DESKTOP-CRCM71H" failures="0" tests="4" name="programs.Reverse1" time="0.021" errors="0" timestamp="2024-02-11T00:21:32 IST" skipped="0">
  <testcase classname="programs.Reverse1" name="reverse" time="0.014"/>
  <system-out/>
  <testcase classname="programs.Reverse1" name="reverse1" time="0.003"/>
  <system-out/>
  <testcase classname="programs.Reverse1" name="reverse2" time="0.002"/>
  <system-out/>
  <testcase classname="programs.Reverse1" name="reverse4" time="0.002"/>
  <system-out/>
</testsuite> <!-- programs.Reverse1 -->
