<?xml version="1.0" encoding="UTF-8"?>
<!-- Generated by org.testng.reporters.JUnitReportReporter -->
<testsuite hostname="DESKTOP-CRCM71H" failures="0" tests="1" name="programs.ToAppendAllZeroLast" time="0.033" errors="0" timestamp="2024-02-07T11:12:43 IST" skipped="0">
  <testcase classname="programs.ToAppendAllZeroLast" name="zeroLast" time="0.033"/>
  <system-out/>
</testsuite> <!-- programs.ToAppendAllZeroLast -->
