<?xml version="1.0" encoding="UTF-8"?>
<!-- Generated by org.testng.reporters.JUnitReportReporter -->
<testsuite hostname="DESKTOP-CRCM71H" failures="0" tests="2" name="programs.Example3" time="0.022" errors="0" timestamp="2024-02-11T12:29:40 IST" skipped="0">
  <testcase classname="programs.Example3" name="example2" time="0.007"/>
  <system-out/>
  <testcase classname="programs.Example3" name="example" time="0.015"/>
  <system-out/>
</testsuite> <!-- programs.Example3 -->
