<?xml version="1.0" encoding="UTF-8"?>
<!-- Generated by org.testng.reporters.JUnitReportReporter -->
<testsuite hostname="DESKTOP-CRCM71H" failures="0" tests="4" name="programs.Pangram" time="0.023" errors="0" timestamp="2024-02-11T13:54:18 IST" skipped="0">
  <testcase classname="programs.Pangram" name="removeElement" time="0.002"/>
  <system-out/>
  <testcase classname="programs.Pangram" name="add" time="0.014"/>
  <system-out/>
  <testcase classname="programs.Pangram" name="pangram" time="0.002"/>
  <system-out/>
  <testcase classname="programs.Pangram" name="zigzag" time="0.005"/>
  <system-out/>
</testsuite> <!-- programs.Pangram -->
