<?xml version="1.0" encoding="UTF-8"?>
<!-- Generated by org.testng.reporters.JUnitReportReporter -->
<testsuite hostname="DESKTOP-CRCM71H" failures="0" tests="1" name="programs.OccurenceOfEachCharacter1" time="0.015" errors="0" timestamp="2024-02-08T18:24:21 IST" skipped="0">
  <testcase classname="programs.OccurenceOfEachCharacter1" name="occurence" time="0.015"/>
  <system-out/>
</testsuite> <!-- programs.OccurenceOfEachCharacter1 -->
