<?xml version="1.0" encoding="UTF-8"?>
<!-- Generated by org.testng.reporters.JUnitReportReporter -->
<testsuite hostname="DESKTOP-CRCM71H" failures="0" tests="1" name="programs.BinarySearch" time="0.022" errors="0" timestamp="2024-02-11T16:01:55 IST" skipped="0">
  <testcase classname="programs.BinarySearch" name="binary" time="0.022"/>
  <system-out/>
</testsuite> <!-- programs.BinarySearch -->
