<?xml version="1.0" encoding="UTF-8"?>
<!-- Generated by org.testng.reporters.JUnitReportReporter -->
<testsuite hostname="DESKTOP-CRCM71H" failures="0" tests="1" name="programs.StringRev2" time="0.011" errors="0" timestamp="2024-02-07T11:32:08 IST" skipped="0">
  <testcase classname="programs.StringRev2" name="reverse" time="0.011"/>
  <system-out/>
</testsuite> <!-- programs.StringRev2 -->
