<?xml version="1.0" encoding="UTF-8"?>
<!-- Generated by org.testng.reporters.JUnitReportReporter -->
<testsuite hostname="DESKTOP-CRCM71H" failures="0" tests="1" name="programs.Pattern2" time="0.017" errors="0" timestamp="2024-02-12T10:21:08 IST" skipped="0">
  <testcase classname="programs.Pattern2" name="pat1" time="0.017"/>
  <system-out/>
</testsuite> <!-- programs.Pattern2 -->
