<?xml version="1.0" encoding="UTF-8"?>
<!-- Generated by org.testng.reporters.JUnitReportReporter -->
<testsuite hostname="DESKTOP-CRCM71H" failures="0" tests="2" name="programs.Split" time="0.016" errors="0" timestamp="2024-02-08T11:02:22 IST" skipped="0">
  <testcase classname="programs.Split" name="count5" time="0.014"/>
  <system-out/>
  <testcase classname="programs.Split" name="count6" time="0.002"/>
  <system-out/>
</testsuite> <!-- programs.Split -->
