<?xml version="1.0" encoding="UTF-8"?>
<!-- Generated by org.testng.reporters.JUnitReportReporter -->
<testsuite hostname="DESKTOP-CRCM71H" failures="0" tests="1" name="programs.Example2" time="0.013" errors="0" timestamp="2024-02-11T11:44:05 IST" skipped="0">
  <testcase classname="programs.Example2" name="occurence" time="0.013"/>
  <system-out/>
</testsuite> <!-- programs.Example2 -->
