<?xml version="1.0" encoding="UTF-8"?>
<!-- Generated by org.testng.reporters.JUnitReportReporter -->
<testsuite hostname="DESKTOP-CRCM71H" failures="0" tests="1" name="programs.OccurenceOfEachCharacter" time="0.010" errors="0" timestamp="2024-02-07T13:06:22 IST" skipped="0">
  <testcase classname="programs.OccurenceOfEachCharacter" name="frequency" time="0.010"/>
  <system-out/>
</testsuite> <!-- programs.OccurenceOfEachCharacter -->
