<?xml version="1.0" encoding="UTF-8"?>
<!-- Generated by org.testng.reporters.JUnitReportReporter -->
<testsuite hostname="DESKTOP-CRCM71H" failures="0" tests="1" name="programs.MaxFrequency" time="0.012" errors="0" timestamp="2024-02-11T16:33:34 IST" skipped="0">
  <testcase classname="programs.MaxFrequency" name="max" time="0.012"/>
  <system-out/>
</testsuite> <!-- programs.MaxFrequency -->
