<?xml version="1.0" encoding="UTF-8"?>
<!-- Generated by org.testng.reporters.JUnitReportReporter -->
<testsuite hostname="DESKTOP-CRCM71H" failures="0" tests="4" name="programs.CheckPrimeNum" time="0.037" errors="0" timestamp="2024-02-09T01:01:20 IST" skipped="0">
  <testcase classname="programs.CheckPrimeNum" name="primeNum" time="0.007"/>
  <system-out/>
  <testcase classname="programs.CheckPrimeNum" name="fibonacci" time="0.019"/>
  <system-out/>
  <testcase classname="programs.CheckPrimeNum" name="primeOrNot" time="0.006"/>
  <system-out/>
  <testcase classname="programs.CheckPrimeNum" name="printNumbers" time="0.005"/>
  <system-out/>
</testsuite> <!-- programs.CheckPrimeNum -->
