<?xml version="1.0" encoding="UTF-8"?>
<!-- Generated by org.testng.reporters.JUnitReportReporter -->
<testsuite hostname="DESKTOP-CRCM71H" failures="0" tests="1" name="programs.Palindrome1" time="0.014" errors="0" timestamp="2024-02-11T13:10:35 IST" skipped="0">
  <testcase classname="programs.Palindrome1" name="palindrome" time="0.014"/>
  <system-out/>
</testsuite> <!-- programs.Palindrome1 -->
