<?xml version="1.0" encoding="UTF-8"?>
<!-- Generated by org.testng.reporters.JUnitReportReporter -->
<testsuite hostname="DESKTOP-CRCM71H" failures="0" tests="1" name="programs.Swap2" time="0.014" errors="0" timestamp="2024-02-06T15:46:57 IST" skipped="0">
  <testcase classname="programs.Swap2" name="swap" time="0.014"/>
  <system-out/>
</testsuite> <!-- programs.Swap2 -->
