<?xml version="1.0" encoding="UTF-8"?>
<!-- Generated by org.testng.reporters.JUnitReportReporter -->
<testsuite hostname="DESKTOP-CRCM71H" failures="0" tests="1" name="programs.UniqueInt" time="0.018" errors="0" timestamp="2024-02-07T16:36:37 IST" skipped="0">
  <testcase classname="programs.UniqueInt" name="unique" time="0.018"/>
  <system-out/>
</testsuite> <!-- programs.UniqueInt -->
