<?xml version="1.0" encoding="UTF-8"?>
<!-- Generated by org.testng.reporters.JUnitReportReporter -->
<testsuite hostname="DESKTOP-CRCM71H" failures="0" tests="1" name="programs.DuplicateStr" time="0.012" errors="0" timestamp="2024-02-07T16:22:36 IST" skipped="0">
  <testcase classname="programs.DuplicateStr" name="duplicate" time="0.012"/>
  <system-out/>
</testsuite> <!-- programs.DuplicateStr -->
