<?xml version="1.0" encoding="UTF-8"?>
<!-- Generated by org.testng.reporters.JUnitReportReporter -->
<testsuite hostname="DESKTOP-CRCM71H" failures="0" tests="1" name="programs.FirstMinNumWithoutBubbleSort" time="0.016" errors="0" timestamp="2024-02-06T16:27:48 IST" skipped="0">
  <testcase classname="programs.FirstMinNumWithoutBubbleSort" name="min" time="0.016"/>
  <system-out/>
</testsuite> <!-- programs.FirstMinNumWithoutBubbleSort -->
