<?xml version="1.0" encoding="UTF-8"?>
<!-- Generated by org.testng.reporters.JUnitReportReporter -->
<testsuite hostname="DESKTOP-CRCM71H" failures="0" tests="1" name="programs.RemoveDuplicates" time="0.014" errors="0" timestamp="2024-02-09T11:19:15 IST" skipped="0">
  <testcase classname="programs.RemoveDuplicates" name="remDuplicate" time="0.014"/>
  <system-out/>
</testsuite> <!-- programs.RemoveDuplicates -->
