<?xml version="1.0" encoding="UTF-8"?>
<!-- Generated by org.testng.reporters.JUnitReportReporter -->
<testsuite hostname="DESKTOP-CRCM71H" failures="0" tests="1" name="programs.StringPalindrome" time="3.943" errors="0" timestamp="2024-02-07T15:52:56 IST" skipped="0">
  <testcase classname="programs.StringPalindrome" name="pal" time="3.943"/>
  <system-out/>
</testsuite> <!-- programs.StringPalindrome -->
