<?xml version="1.0" encoding="UTF-8"?>
<!-- Generated by org.testng.reporters.JUnitReportReporter -->
<testsuite hostname="DESKTOP-CRCM71H" failures="0" tests="1" name="programs.FirstMaxNumWIthoutBubbleSort" time="0.016" errors="0" timestamp="2024-02-06T16:31:13 IST" skipped="0">
  <testcase classname="programs.FirstMaxNumWIthoutBubbleSort" name="max" time="0.016"/>
  <system-out/>
</testsuite> <!-- programs.FirstMaxNumWIthoutBubbleSort -->
