<?xml version="1.0" encoding="UTF-8"?>
<!-- Generated by org.testng.reporters.JUnitReportReporter -->
<testsuite hostname="DESKTOP-CRCM71H" failures="0" tests="3" name="programs.HashMapStringOccurence" time="0.018" errors="0" timestamp="2024-02-07T18:05:54 IST" skipped="0">
  <testcase classname="programs.HashMapStringOccurence" name="occurence2" time="0.003"/>
  <system-out/>
  <testcase classname="programs.HashMapStringOccurence" name="occurence" time="0.011"/>
  <system-out/>
  <testcase classname="programs.HashMapStringOccurence" name="occurence3" time="0.004"/>
  <system-out/>
</testsuite> <!-- programs.HashMapStringOccurence -->
