<?xml version="1.0" encoding="UTF-8"?>
<!-- Generated by org.testng.reporters.JUnitReportReporter -->
<testsuite hostname="DESKTOP-CRCM71H" failures="0" tests="1" name="programs.CountOfCharacters" time="0.039" errors="0" timestamp="2024-02-08T10:16:13 IST" skipped="0">
  <testcase classname="programs.CountOfCharacters" name="count3" time="0.039"/>
  <system-out/>
</testsuite> <!-- programs.CountOfCharacters -->
