<?xml version="1.0" encoding="UTF-8"?>
<!-- Generated by org.testng.reporters.JUnitReportReporter -->
<testsuite hostname="DESKTOP-CRCM71H" failures="0" tests="4" name="programs.StringPrograms" time="0.025" errors="0" timestamp="2024-02-09T17:12:27 IST" skipped="0">
  <testcase classname="programs.StringPrograms" name="addTwoArr" time="0.014"/>
  <system-out/>
  <testcase classname="programs.StringPrograms" name="numpattern1" time="0.004"/>
  <system-out/>
  <testcase classname="programs.StringPrograms" name="numpattern2" time="0.004"/>
  <system-out/>
  <testcase classname="programs.StringPrograms" name="repeatedCharacters" time="0.003"/>
  <system-out/>
</testsuite> <!-- programs.StringPrograms -->
