<?xml version="1.0" encoding="UTF-8"?>
<!-- Generated by org.testng.reporters.JUnitReportReporter -->
<testsuite hostname="DESKTOP-CRCM71H" failures="0" tests="1" name="programs.BinarySearchTest" time="0.055" errors="0" timestamp="2024-03-13T10:35:26 IST" skipped="0">
  <testcase classname="programs.BinarySearchTest" name="binaryTest" time="0.055"/>
  <system-out/>
</testsuite> <!-- programs.BinarySearchTest -->
